/*C8*/CONNECT USER SA
/*C9*/CONNECT USER SA
/*C10*/CONNECT USER SA
/*C11*/CONNECT USER SA
/*C12*/CONNECT USER SA
/*C9*/INSERT INTO USERS VALUES('admin','','Super User',NULL,'Ae+/vQI6e++/vXMlBRbvv71p77+9GO+/vQA=',1)
DELETE FROM USERS WHERE USERNAME='admin' AND EMAIL='' AND FULLNAME='Super User' AND LAST_PASSWORD_CHANGE=NULL AND PASSWORD='Ae+/vQI6e++/vXMlBRbvv71p77+9GO+/vQA=' AND REALM_ID=1
INSERT INTO USERS VALUES('admin','','Super User','2009-08-04','Ae+/vQI6e++/vXMlBRbvv71p77+9GO+/vQA=',1)
/*C13*/CONNECT USER SA
DELETE FROM EXPLORER_PROPERTIES WHERE KEY_1='security.userDatabase' AND KEY_2='' AND KEY_3='0' AND KEY_4='1' AND KEY_5='' AND VALUE='builtIn'
INSERT INTO EXPLORER_PROPERTIES VALUES('security.userDatabase','','0','1','','builtIn')
DELETE FROM EXPLORER_PROPERTIES WHERE KEY_1='security.administrators' AND KEY_2='' AND KEY_3='0' AND KEY_4='1' AND KEY_5='' AND VALUE='root'
INSERT INTO EXPLORER_PROPERTIES VALUES('security.administrators','','0','1','','admin')
DELETE FROM EXPLORER_PROPERTIES WHERE KEY_1='webServer.validExternalHostnames' AND KEY_2='' AND KEY_3='0' AND KEY_4='0' AND KEY_5='' AND VALUE=''
INSERT INTO EXPLORER_PROPERTIES VALUES('webServer.validExternalHostnames','','0','0','','')
DELETE FROM EXPLORER_PROPERTIES WHERE KEY_1='webServer.invalidHostnameAction' AND KEY_2='' AND KEY_3='0' AND KEY_4='0' AND KEY_5='' AND VALUE='none'
INSERT INTO EXPLORER_PROPERTIES VALUES('webServer.invalidHostnameAction','','0','0','','none')
DISCONNECT
/*C12*/DISCONNECT
/*C11*/DISCONNECT
/*C10*/DISCONNECT
/*C9*/DISCONNECT
