# This file contains a list of database upgrades
# that have completed correctly.
0_1_99-propertyDatabase.sql
0_2_5-propertyDatabase.sql
0_2_7-propertyDatabase.sql
0_2_9-propertyDatabase.sql
0_2_12-propertyDatabase.sql
0_2_13-propertyDatabase.sql
0_1_99-userDatabase.sql
0_2_9-userDatabase.sql
0_1_99-systemDatabase.sql
0_2_0-systemDatabase.sql
0_2_4-systemDatabase.sql
0_2_6-systemDatabase.sql
0_2_7-systemDatabase.sql
0_2_9-systemDatabase.sql
0_1_99-policyDatabase.sql
0_2_4-policyDatabase.sql
0_2_9-policyDatabase.sql
0_2_14-policyDatabase.sql
0_2_9-networkPlacesDatabase.sql
1_0_7-networkPlacesDatabase.sql
